<?xml version="1.0" encoding="UTF-8"?>
<!-- Generated by org.testng.reporters.JUnitReportReporter -->
<testsuite hostname="DESKTOP-PITCU2K" failures="0" tests="1" name="tests.Login" time="14.130" errors="0" timestamp="2024-03-01T13:35:49 IST" skipped="0">
  <testcase classname="tests.Login" name="verifyLogin" time="14.130"/>
</testsuite> <!-- tests.Login -->
